[ 2025-05-01 18:24:49,759] 1025 httpx - INFO - HTTP Request: GET https://dagshub.com/api/v1/user "HTTP/1.1 200 OK"
[ 2025-05-01 18:24:49,776] 107 dagshub - INFO - Accessing as pradnyesh2
[ 2025-05-01 18:24:50,390] 1025 httpx - INFO - HTTP Request: GET https://dagshub.com/api/v1/repos/pradnyesh2/NetworkSecurity "HTTP/1.1 200 OK"
[ 2025-05-01 18:24:51,156] 1025 httpx - INFO - HTTP Request: GET https://dagshub.com/api/v1/user "HTTP/1.1 200 OK"
[ 2025-05-01 18:24:51,159] 107 dagshub - INFO - Initialized MLflow to track repo "pradnyesh2/NetworkSecurity"
[ 2025-05-01 18:24:51,160] 107 dagshub - INFO - Repository pradnyesh2/NetworkSecurity initialized!
[ 2025-05-01 18:25:08,511] 38 root - INFO - Start data ingestion
[ 2025-05-01 18:25:11,175] 73 root - INFO - Performed train test split on the dataframe
[ 2025-05-01 18:25:11,175] 75 root - INFO - Exited split_data_as_train_test method of Data_Ingestion_Class
[ 2025-05-01 18:25:11,176] 80 root - INFO - Exporting train and test file path
[ 2025-05-01 18:25:11,253] 90 root - INFO - Exported train and test file path
[ 2025-05-01 18:25:11,254] 41 root - INFO - Data ingestion completed and artifact: DataIngestionArtifact(trained_file_path='Artifacts\\01_05_2025_18_24_29\\data_ingestion\\ingested\\train.csv', test_file_path='Artifacts\\01_05_2025_18_24_29\\data_ingestion\\ingested\\test.csv')
[ 2025-05-01 18:25:11,265] 50 root - INFO - Initiate the data validation
[ 2025-05-01 18:25:11,266] 30 root - INFO - Reading data from: Artifacts\01_05_2025_18_24_29\data_ingestion\ingested\train.csv
[ 2025-05-01 18:25:11,284] 41 root - INFO - Dataframe read successfully with shape: (8844, 31)
[ 2025-05-01 18:25:11,284] 30 root - INFO - Reading data from: Artifacts\01_05_2025_18_24_29\data_ingestion\ingested\test.csv
[ 2025-05-01 18:25:11,289] 41 root - INFO - Dataframe read successfully with shape: (2211, 31)
[ 2025-05-01 18:25:11,289] 49 root - INFO - Required number of columns:2
[ 2025-05-01 18:25:11,289] 50 root - INFO - Dataframe has columns:31
[ 2025-05-01 18:25:11,289] 49 root - INFO - Required number of columns:2
[ 2025-05-01 18:25:11,289] 50 root - INFO - Dataframe has columns:31
[ 2025-05-01 18:25:11,474] 52 root - INFO - Data validation completed
[ 2025-05-01 18:25:11,474] 60 root - INFO - Data Transformation started
[ 2025-05-01 18:25:11,474] 56 root - INFO - Entered the initiate_data_transformation method of DataTransformation class
[ 2025-05-01 18:25:11,474] 58 root - INFO - Starting data transformation
[ 2025-05-01 18:25:11,497] 45 root - INFO - Entered get_data_transformer_object method of transformation class
[ 2025-05-01 18:25:11,497] 49 root - INFO - Initialize KNNImputer with {'missing_values': nan, 'n_neighbors': 3, 'weights': 'uniform'}
[ 2025-05-01 18:25:11,510] 46 root - INFO - Entered the save_object method of MainUtils class
[ 2025-05-01 18:25:11,517] 50 root - INFO - Exited the save_object method to MainUtils class
[ 2025-05-01 18:25:11,517] 46 root - INFO - Entered the save_object method of MainUtils class
[ 2025-05-01 18:25:11,522] 50 root - INFO - Exited the save_object method to MainUtils class
[ 2025-05-01 18:25:11,523] 65 root - INFO - Data Transformation completed
[ 2025-05-01 18:25:11,523] 72 root - INFO - Model Training Started
[ 2025-05-01 18:26:05,689] 46 root - INFO - Entered the save_object method of MainUtils class
[ 2025-05-01 18:26:05,710] 50 root - INFO - Exited the save_object method to MainUtils class
[ 2025-05-01 18:26:05,710] 46 root - INFO - Entered the save_object method of MainUtils class
[ 2025-05-01 18:26:05,724] 50 root - INFO - Exited the save_object method to MainUtils class
[ 2025-05-01 18:26:05,724] 117 root - INFO - Model trainer artifact:ModelTrainerArtifact(trained_model_file_path='Artifacts\\01_05_2025_18_24_29\\model_trainer\\trained_models\\model.pkl', train_metric_artifact=ClassificationMetricArtifact(f1_score=0.9908722109533469, precision_score=0.9888663967611336, recall_score=0.9928861788617886), test_metric_artifact=ClassificationMetricArtifact(f1_score=0.975, precision_score=0.9726468222043443, recall_score=0.9773645917542442))
[ 2025-05-01 18:26:05,724] 77 root - INFO - Model Training Artifact Created
